# JRE version: Java(TM) SE Runtime Environment (8.0_51-b16) (build 1.8.0_51-b16)
# Java VM: Java HotSpot(TM) 64-Bit Server VM (25.51-b03 mixed mode windows-amd64 compressed oops)
Heap:
 garbage-first heap   total 2588672K, used 1748882K [0x00000006c0000000, 0x00000006c2000278, 0x00000007c0000000)
  region size 32768K, 9 young (294912K), 2 survivors (65536K)
 Metaspace       used 205814K, capacity 225954K, committed 226048K, reserved 1226752K
  class space    used 35442K, capacity 47841K, committed 47872K, reserved 1048576K
GC Heap History (10 events):
Event: 60.481 GC heap before
{Heap before GC invocations=219 (full 0):
 garbage-first heap   total 2588672K, used 1938568K [0x00000006c0000000, 0x00000006c2000278, 0x00000007c0000000)
  region size 32768K, 15 young (491520K), 2 survivors (65536K)
 Metaspace       used 194980K, capacity 214784K, committed 214912K, reserved 1218560K
  class space    used 33844K, capacity 46128K, committed 46208K, reserved 1048576K
Event: 60.512 GC heap after
Heap after GC invocations=220 (full 0):
 garbage-first heap   total 2588672K, used 1504131K [0x00000006c0000000, 0x00000006c2000278, 0x00000007c0000000)
  region size 32768K, 2 young (65536K), 2 survivors (65536K)
 Metaspace       used 194980K, capacity 214784K, committed 214912K, reserved 1218560K
  class space    used 33844K, capacity 46128K, committed 46208K, reserved 1048576K
}
Event: 61.369 GC heap before
{Heap before GC invocations=220 (full 0):
 garbage-first heap   total 2588672K, used 1962883K [0x00000006c0000000, 0x00000006c2000278, 0x00000007c0000000)
  region size 32768K, 16 young (524288K), 2 survivors (65536K)
 Metaspace       used 197652K, capacity 217588K, committed 217856K, reserved 1220608K
  class space    used 34399K, capacity 46744K, committed 46848K, reserved 1048576K
Event: 61.396 GC heap after
Heap after GC invocations=221 (full 0):
 garbage-first heap   total 2588672K, used 1531031K [0x00000006c0000000, 0x00000006c2000278, 0x00000007c0000000)
  region size 32768K, 2 young (65536K), 2 survivors (65536K)
 Metaspace       used 197652K, capacity 217588K, committed 217856K, reserved 1220608K
  class space    used 34399K, capacity 46744K, committed 46848K, reserved 1048576K
}
Event: 61.906 GC heap before
{Heap before GC invocations=221 (full 0):
 garbage-first heap   total 2588672K, used 1957015K [0x00000006c0000000, 0x00000006c2000278, 0x00000007c0000000)
  region size 32768K, 15 young (491520K), 2 survivors (65536K)
 Metaspace       used 198896K, capacity 218786K, committed 218880K, reserved 1220608K
  class space    used 34504K, capacity 46843K, committed 46848K, reserved 1048576K
Event: 61.965 GC heap after
Heap after GC invocations=222 (full 0):
 garbage-first heap   total 2588672K, used 1572510K [0x00000006c0000000, 0x00000006c2000278, 0x00000007c0000000)
  region size 32768K, 2 young (65536K), 2 survivors (65536K)
 Metaspace       used 198896K, capacity 218786K, committed 218880K, reserved 1220608K
  class space    used 34504K, capacity 46843K, committed 46848K, reserved 1048576K
}
Event: 62.873 GC heap before
{Heap before GC invocations=223 (full 0):
 garbage-first heap   total 2588672K, used 1998494K [0x00000006c0000000, 0x00000006c2000278, 0x00000007c0000000)
  region size 32768K, 15 young (491520K), 2 survivors (65536K)
 Metaspace       used 201305K, capacity 221290K, committed 221440K, reserved 1222656K
  class space    used 34891K, capacity 47279K, committed 47360K, reserved 1048576K
Event: 62.897 GC heap after
Heap after GC invocations=224 (full 0):
 garbage-first heap   total 2588672K, used 1590181K [0x00000006c0000000, 0x00000006c2000278, 0x00000007c0000000)
  region size 32768K, 2 young (65536K), 2 survivors (65536K)
 Metaspace       used 201305K, capacity 221290K, committed 221440K, reserved 1222656K
  class space    used 34891K, capacity 47279K, committed 47360K, reserved 1048576K
}
Event: 63.942 GC heap before
{Heap before GC invocations=224 (full 0):
 garbage-first heap   total 2588672K, used 2016165K [0x00000006c0000000, 0x00000006c2000278, 0x00000007c0000000)
  region size 32768K, 15 young (491520K), 2 survivors (65536K)
 Metaspace       used 204618K, capacity 224714K, committed 224896K, reserved 1226752K
  class space    used 35282K, capacity 47709K, committed 47744K, reserved 1048576K
Event: 63.981 GC heap after
Heap after GC invocations=225 (full 0):
 garbage-first heap   total 2588672K, used 1552274K [0x00000006c0000000, 0x00000006c2000278, 0x00000007c0000000)
  region size 32768K, 2 young (65536K), 2 survivors (65536K)
 Metaspace       used 204618K, capacity 224714K, committed 224896K, reserved 1226752K
  class space    used 35282K, capacity 47709K, committed 47744K, reserved 1048576K
}

